Hero attacks Goblin for 8 damage
Goblin attacks Hero for 0 damage!
Hero attacks Goblin for 8 damage
Goblin attacks Hero for 0 damage!
Hero attacks Goblin for 8 damage
Goblin attacks Hero for 0 damage!
Hero attacks Goblin for 8 damage
Goblin defeated
Hero leveled up to 2
Sword of Attack +3 add to inventory
Hero attacks Goblin for 8 damage
Goblin attacks Hero for 0 damage!
Hero attacks Goblin for 8 damage
Goblin attacks Hero for 0 damage!
Hero attacks Goblin for 8 damage
Goblin attacks Hero for 0 damage!
Hero attacks Goblin for 8 damage
Goblin defeated
Hero leveled up to 2
Shield of Defense +2 add to inventory
Hero attacks Dragon for 0 damage
Dragon attacks Hero for 15 damage!
Hero attacks Dragon for 0 damage
Dragon attacks Hero for 15 damage!
Hero attacks Dragon for 0 damage
Dragon attacks Hero for 15 damage!
Hero attacks Dragon for 0 damage
Dragon attacks Hero for 15 damage!
Hero attacks Dragon for 0 damage
Dragon attacks Hero for 15 damage!
Hero attacks Dragon for 0 damage
Dragon attacks Hero for 15 damage!
Hero attacks Dragon for 0 damage
Dragon attacks Hero for 15 damage!
Character died
Hero attacks Goblin for 8 damage
Goblin attacks Hero for 0 damage!
Hero attacks Goblin for 8 damage
Goblin attacks Hero for 0 damage!
Hero attacks Goblin for 8 damage
Goblin attacks Hero for 0 damage!
Hero attacks Goblin for 8 damage
Goblin defeated
Hero leveled up to 2
Shield of Defense +2 add to inventory
Hero attacks Goblin for 13 damage
Goblin attacks Hero for 0 damage!
Hero attacks Goblin for 13 damage
Goblin attacks Hero for 0 damage!
Hero attacks Goblin for 13 damage
Goblin defeated
Sword of Attack +3 add to inventory
Hero attacks Goblin for 8 damage
Goblin attacks Hero for 0 damage!
Hero attacks Goblin for 8 damage
Goblin attacks Hero for 0 damage!
Hero attacks Goblin for 8 damage
Goblin attacks Hero for 0 damage!
Hero attacks Goblin for 8 damage
Goblin defeated
Hero leveled up to 2
Sword of Attack +3 add to inventory
Hero attacks Skeleton for 15 damage
Skeleton attacks Hero for 2 damage!
Hero attacks Skeleton for 15 damage
Skeleton attacks Hero for 2 damage!
Hero attacks Skeleton for 15 damage
Skeleton defeated
Sword of Attack +3 add to inventory
