Hero attacks Goblin for 8 damage
Goblin attacks Hero for 0 damage!
Hero attacks Goblin for 8 damage
Goblin attacks Hero for 0 damage!
Hero attacks Goblin for 8 damage
Goblin attacks Hero for 0 damage!
Hero attacks Goblin for 8 damage
Goblin defeated
Hero leveled up to 2
Shield of Defense +2 add to inventory
Hero attacks Goblin for 8 damage
Goblin attacks Hero for 0 damage!
Hero attacks Goblin for 8 damage
Goblin attacks Hero for 0 damage!
Hero attacks Goblin for 8 damage
Goblin attacks Hero for 0 damage!
Hero attacks Goblin for 8 damage
Goblin defeated
Hero leveled up to 2
Sword of Attack +3 add to inventory
